<?xml version="1.0" encoding="UTF-8"?>
<testsuite xmlns:xsi="http://www.w3.org/2001/XMLSchema-instance" xsi:noNamespaceSchemaLocation="https://maven.apache.org/surefire/maven-surefire-plugin/xsd/surefire-test-report-3.0.xsd" version="3.0" name="com.onlinesales.EventSimulationTest" time="0.337" tests="5" errors="0" skipped="0" failures="0">
  <properties>
[...]
</properties>
  <testcase name="testSimulateEvent_withValidDiceProbabilities_shouldReturnExpectedOutcomes" classname="com.onlinesales.EventSimulationTest" time="0.197"/>
  <testcase name="testSimulateEvent_withInvalidProbabilities_shouldReturnValidOutcomes" classname="com.onlinesales.EventSimulationTest" time="0.004"/>
  <testcase name="testSimulateEvent_withValidProbabilities_shouldReturnNonNullOutcomes" classname="com.onlinesales.EventSimulationTest" time="0.004"/>
  <testcase name="testSimulateEvent_withValidProbabilities_shouldReturnExpectedOutcomes" classname="com.onlinesales.EventSimulationTest" time="0.042"/>
  <testcase name="testSimulateEvent_withValidCoinProbabilities_shouldReturnExpectedOutcomes" classname="com.onlinesales.EventSimulationTest" time="0.017"/>
</testsuite>